[Licensing::Module] Trying to connect to existing licensing client channel...
[Licensing::IpcConnector] Successfully connected to: "LicenseClient-pomar" at "2026-03-06T08:57:46.049319Z"
Built from '6000.3/staging' branch; Version is '6000.3.10f1 (e35f0c77bd8e) revision 14901004'; Using compiler version '194234433'; Build Type 'Release'
OS: 'Windows 11  (10.0.26200) Core' Language: 'en' Physical Memory: 32283 MB
BatchMode: 1, IsHumanControllingUs: 0, StartBugReporterOnCrash: 0, Is64bit: 1
System  architecture: x64
Process architecture: x64
Date: 2026-03-06T08:57:46Z

COMMAND LINE ARGUMENTS:
C:\Program Files\Unity\Hub\Editor\6000.3.10f1\Editor\Unity.exe
-adb2
-batchMode
-noUpm
-name
AssetImportWorker3
-projectPath
C:/Users/pomar/Projects/FirstUnityProject/FirstProject
-logFile
Logs/AssetImportWorker3.log
-srvPort
55296
-licensingIpc
LicenseClient-pomar
-job-worker-count
10
-background-job-worker-count
8
-gc-helper-count
1
-name
AssetImport
Successfully changed project path to: C:/Users/pomar/Projects/FirstUnityProject/FirstProject
C:/Users/pomar/Projects/FirstUnityProject/FirstProject
[UnityMemory] Configuration Parameters - Can be set up in boot.config
    "memorysetup-temp-allocator-size-nav-mesh-worker=65536"
    "memorysetup-temp-allocator-size-audio-worker=65536"
    "memorysetup-temp-allocator-size-gfx=262144"
    "memorysetup-allocator-temp-initial-block-size-main=262144"
    "memorysetup-allocator-temp-initial-block-size-worker=262144"
    "memorysetup-temp-allocator-size-background-worker=32768"
    "memorysetup-temp-allocator-size-job-worker=262144"
    "memorysetup-temp-allocator-size-preload-manager=33554432"
    "memorysetup-temp-allocator-size-gi-baking-worker=262144"
    "memorysetup-temp-allocator-size-gi-baking-worker=262144"
    "memorysetup-temp-allocator-size-gi-baking-worker=262144"
    "memorysetup-temp-allocator-size-gi-baking-worker=262144"
    "memorysetup-temp-allocator-size-gi-baking-worker=262144"
    "memorysetup-bucket-allocator-granularity=16"
    "memorysetup-bucket-allocator-bucket-count=8"
    "memorysetup-bucket-allocator-block-size=33554432"
    "memorysetup-bucket-allocator-block-count=8"
    "memorysetup-main-allocator-block-size=16777216"
    "memorysetup-thread-allocator-block-size=16777216"
    "memorysetup-gfx-main-allocator-block-size=16777216"
    "memorysetup-gfx-thread-allocator-block-size=16777216"
    "memorysetup-cache-allocator-block-size=4194304"
    "memorysetup-typetree-allocator-block-size=2097152"
    "memorysetup-profiler-bucket-allocator-granularity=16"
    "memorysetup-profiler-bucket-allocator-bucket-count=8"
    "memorysetup-profiler-bucket-allocator-block-size=33554432"
    "memorysetup-profiler-bucket-allocator-block-count=8"
    "memorysetup-profiler-allocator-block-size=16777216"
    "memorysetup-profiler-editor-allocator-block-size=1048576"
    "memorysetup-temp-allocator-size-main=16777216"
    "memorysetup-job-temp-allocator-block-size=2097152"
    "memorysetup-job-temp-allocator-block-size-background=1048576"
    "memorysetup-job-temp-allocator-reduction-small-platforms=262144"
    "memorysetup-temp-allocator-size-cloud-worker=32768"
Player connection [20596]  Target information:

Player connection [20596]  * "[IP] 10.250.224.137 [Port] 0 [Flags] 2 [Guid] 2766620287 [EditorId] 2766620287 [Version] 1048832 [Id] WindowsEditor(7,Doug_PC) [Debug] 1 [PackageName] WindowsEditor [ProjectName] Editor" 

Player connection [20596] Host joined multi-casting on [225.0.0.222:54997]...
Player connection [20596] Host joined alternative multi-casting on [225.0.0.222:34997]...
JobSystem: Creating JobQueue using job-worker-count value 10
Input System module state changed to: Initialized.
[Physics::Module] Initialized fallback backend.
[Physics::Module] Id: 0xdecafbad
Library Redirect Path: Library/
[Physics::Module] Selected backend.
[Physics::Module] Name: PhysX
[Physics::Module] Id: 0xf2b8ea05
[Physics::Module] SDK Version: 4.1.2
[Physics::Module] Integration Version: 1.0.0
[Physics::Module] Threading Mode: Multi-Threaded
Refreshing native plugins compatible for Editor in 5.26 ms, found 4 plugins.
Preloading 0 native plugins for Editor in 0.00 ms.
Initialize engine version: 6000.3.10f1 (e35f0c77bd8e)
[Subsystems] Discovering subsystems at path C:/Program Files/Unity/Hub/Editor/6000.3.10f1/Editor/Data/Resources/UnitySubsystems
[Subsystems] Discovering subsystems at path C:/Users/pomar/Projects/FirstUnityProject/FirstProject/Assets
GfxDevice: creating device client; kGfxThreadingModeNonThreaded
Direct3D:
    Version:  Direct3D 11.0 [level 11.1]
    Renderer: Intel(R) Arc(TM) Graphics (ID=0x7d55)
    Vendor:   Intel
    VRAM:     16141 MB
    Driver:   32.0.101.5768
Initialize mono
Mono path[0] = 'C:/Program Files/Unity/Hub/Editor/6000.3.10f1/Editor/Data/Managed'
Mono path[1] = 'C:/Program Files/Unity/Hub/Editor/6000.3.10f1/Editor/Data/MonoBleedingEdge/lib/mono/unityjit-win32'
Mono config path = 'C:/Program Files/Unity/Hub/Editor/6000.3.10f1/Editor/Data/MonoBleedingEdge/etc'
Using monoOptions --debugger-agent=transport=dt_socket,embedding=1,server=y,suspend=n,address=127.0.0.1:56564
Begin MonoManager ReloadAssembly
Registering precompiled unity dll's ...
Register platform support module: C:/Program Files/Unity/Hub/Editor/6000.3.10f1/Editor/Data/PlaybackEngines/WindowsStandaloneSupport/UnityEditor.WindowsStandalone.Extensions.dll
Registered in 0.004254 seconds.
- Loaded All Assemblies, in  0.665 seconds
Native extension for WindowsStandalone target not found
ScheduleIndexationOnStartup MainProcess:False IndexOnStartup:True
Mono: successfully reloaded assembly
- Finished resetting the current domain, in  0.917 seconds
Domain Reload Profiling: 1568ms
	BeginReloadAssembly (207ms)
		ExecutionOrderSort (0ms)
		DisableScriptedObjects (0ms)
		BackupInstance (0ms)
		ReleaseScriptingObjects (0ms)
		CreateAndSetChildDomain (1ms)
	RebuildCommonClasses (57ms)
	RebuildNativeTypeToScriptingClass (24ms)
	initialDomainReloadingComplete (82ms)
	LoadAllAssembliesAndSetupDomain (280ms)
		LoadAssemblies (202ms)
		RebuildTransferFunctionScriptingTraits (0ms)
		AnalyzeDomain (275ms)
			TypeCache.Refresh (273ms)
				TypeCache.ScanAssembly (252ms)
			BuildScriptInfoCaches (0ms)
			ResolveRequiredComponents (1ms)
	FinalizeReload (918ms)
		ReleaseScriptCaches (0ms)
		RebuildScriptCaches (0ms)
		SetupLoadedEditorAssemblies (831ms)
			LogAssemblyErrors (0ms)
			InitializePlatformSupportModulesInManaged (94ms)
			SetLoadedEditorAssemblies (7ms)
			BeforeProcessingInitializeOnLoad (218ms)
			ProcessInitializeOnLoadAttributes (377ms)
			ProcessInitializeOnLoadMethodAttributes (135ms)
			AfterProcessingInitializeOnLoad (0ms)
			EditorAssembliesLoaded (0ms)
		ExecutionOrderSort2 (0ms)
		AwakeInstancesAfterBackupRestoration (0ms)
========================================================================
Worker process is ready to serve import requests
Import Worker Mode flag is 0x00
Begin MonoManager ReloadAssembly
[Licensing::Module] Licensing is not yet initialized.
[Licensing::Client] Handshaking with LicensingClient:
  Version:                 1.17.4+4293ba1
  Session Id:              4437c92476754945927173fc1e5b4740
  Correlation Id:          7c240cef8f1a10813defdf762ac1f07d
  External correlation Id: 4352961171031362508
  Machine Id:              Y20/0eCD3of8T2bzUz/mXKUVz38=
[Licensing::Module] Successfully connected to LicensingClient on channel: "LicenseClient-pomar" (connect: 0.00s, validation: 0.00s, handshake: 3.46s)
[Licensing::IpcConnector] Successfully connected to: "LicenseClient-pomar-notifications" at "2026-03-06T08:57:49.5102722Z"
[Licensing::Module] Licensing Background thread has ended after 3.46s
[Licensing::Module] Licensing is initialized (took 0.28s).
[Licensing::Client] Successfully resolved entitlement details
[Licensing::Module] License group:
  Id: 1374770717217-UnityPersXXXX
  Product: Unity Personal
  Type: Assigned
  Expiration: Unlimited
- Loaded All Assemblies, in  1.670 seconds
Refreshing native plugins compatible for Editor in 6.08 ms, found 4 plugins.
Native extension for WindowsStandalone target not found
Package Manager log level set to [2]
[Package Manager] Failed to launch server process. Reason: Unity was launched with the -noUpm command-line argument
[Package Manager] Unable to send message (not connected to server process).
[Package Manager] Cannot connect to Unity Package Manager local server
ScheduleIndexationOnStartup MainProcess:False IndexOnStartup:True
Mono: successfully reloaded assembly
- Finished resetting the current domain, in  1.505 seconds
Domain Reload Profiling: 3165ms
	BeginReloadAssembly (549ms)
		ExecutionOrderSort (0ms)
		DisableScriptedObjects (7ms)
		BackupInstance (0ms)
		ReleaseScriptingObjects (0ms)
		CreateAndSetChildDomain (42ms)
	RebuildCommonClasses (48ms)
	RebuildNativeTypeToScriptingClass (14ms)
	initialDomainReloadingComplete (56ms)
	LoadAllAssembliesAndSetupDomain (992ms)
		LoadAssemblies (650ms)
		RebuildTransferFunctionScriptingTraits (0ms)
		AnalyzeDomain (490ms)
			TypeCache.Refresh (349ms)
				TypeCache.ScanAssembly (321ms)
			BuildScriptInfoCaches (122ms)
			ResolveRequiredComponents (13ms)
	FinalizeReload (1506ms)
		ReleaseScriptCaches (0ms)
		RebuildScriptCaches (0ms)
		SetupLoadedEditorAssemblies (1296ms)
			LogAssemblyErrors (0ms)
			InitializePlatformSupportModulesInManaged (3ms)
			SetLoadedEditorAssemblies (7ms)
			BeforeProcessingInitializeOnLoad (313ms)
			ProcessInitializeOnLoadAttributes (735ms)
			ProcessInitializeOnLoadMethodAttributes (228ms)
			AfterProcessingInitializeOnLoad (9ms)
			EditorAssembliesLoaded (0ms)
		ExecutionOrderSort2 (0ms)
		AwakeInstancesAfterBackupRestoration (15ms)
Launched and connected shader compiler UnityShaderCompiler.exe after 0.02 seconds
Refreshing native plugins compatible for Editor in 2.82 ms, found 4 plugins.
Preloading 0 native plugins for Editor in 0.00 ms.
Unloading 16 Unused Serialized files (Serialized files now loaded: 0)
Unloading 6913 unused Assets / (3.9 MB). Loaded Objects now: 7731.
Memory consumption went from 160.6 MB to 156.7 MB.
Total: 13.337700 ms (FindLiveObjects: 1.940000 ms CreateObjectMapping: 0.890300 ms MarkObjects: 7.048600 ms  DeleteObjects: 3.444800 ms)

========================================================================
Received Import Request.
  Time since last request: 39608.222667 seconds.
  path: Assets/SunnyLand Artwork/Environment/Tileset/tileset-sliced_93.asset
  artifactKey: Guid(d08547a94b2615b4b838b4c4295940f8) Importer(2089858483,b0f066a214c2f5e87bad3c948f4d605d)
Start importing Assets/SunnyLand Artwork/Environment/Tileset/tileset-sliced_93.asset using Guid(d08547a94b2615b4b838b4c4295940f8) Importer(2089858483,b0f066a214c2f5e87bad3c948f4d605d) (ScriptedImporter) -> (artifact id: '2d08628c142ee1fc6aa4734fd8856844') in 0.1906198 seconds
Number of updated asset objects reloaded before import = 0Number of asset objects unloaded after import = 2

========================================================================
Received Import Request.
  Time since last request: 0.000028 seconds.
  path: Assets/SunnyLand Artwork/Sprites/Enemies/Dino
  artifactKey: Guid(ee7751b3547437b43a9d1050a95ef267) Importer(2089858483,b0f066a214c2f5e87bad3c948f4d605d)
Start importing Assets/SunnyLand Artwork/Sprites/Enemies/Dino using Guid(ee7751b3547437b43a9d1050a95ef267) Importer(2089858483,b0f066a214c2f5e87bad3c948f4d605d) (ScriptedImporter) -> (artifact id: '6ec1b381d05e2f4f67ebec71f9cf99b0') in 0.021406 seconds
Number of updated asset objects reloaded before import = 0Number of asset objects unloaded after import = 1

========================================================================
Received Import Request.
  Time since last request: 0.000034 seconds.
  path: Assets/SunnyLand Artwork/Scenes/Demo_environment.unity
  artifactKey: Guid(014c3ef8a971d334582a48e9f80043d8) Importer(2089858483,b0f066a214c2f5e87bad3c948f4d605d)
Start importing Assets/SunnyLand Artwork/Scenes/Demo_environment.unity using Guid(014c3ef8a971d334582a48e9f80043d8) Importer(2089858483,b0f066a214c2f5e87bad3c948f4d605d) (ScriptedImporter) -> (artifact id: '95d1f864b7f0288a064ffc77e2614068') in 0.0276127 seconds
Number of updated asset objects reloaded before import = 0Number of asset objects unloaded after import = 1

========================================================================
Received Import Request.
  Time since last request: 0.000019 seconds.
  path: Assets/SunnyLand Artwork/Environment/Tileset/tileset_8.asset
  artifactKey: Guid(3907c14ddda71e647ae330c678f02cb0) Importer(2089858483,b0f066a214c2f5e87bad3c948f4d605d)
Start importing Assets/SunnyLand Artwork/Environment/Tileset/tileset_8.asset using Guid(3907c14ddda71e647ae330c678f02cb0) Importer(2089858483,b0f066a214c2f5e87bad3c948f4d605d) (ScriptedImporter) -> (artifact id: 'ba3ff7f67028eca5d57a00bc27b3d308') in 0.0350327 seconds
Number of updated asset objects reloaded before import = 0Number of asset objects unloaded after import = 1

========================================================================
Received Import Request.
  Time since last request: 0.000022 seconds.
  path: Assets/SunnyLand Artwork/Environment/Tileset/tileset-sliced_32.asset
  artifactKey: Guid(cae9a8360392bfd49b13e8cbe579bf85) Importer(2089858483,b0f066a214c2f5e87bad3c948f4d605d)
Start importing Assets/SunnyLand Artwork/Environment/Tileset/tileset-sliced_32.asset using Guid(cae9a8360392bfd49b13e8cbe579bf85) Importer(2089858483,b0f066a214c2f5e87bad3c948f4d605d) (ScriptedImporter) -> (artifact id: '53e8e94037c08dc5f66c202b86da5e5b') in 0.0288362 seconds
Number of updated asset objects reloaded before import = 0Number of asset objects unloaded after import = 2

========================================================================
Received Import Request.
  Time since last request: 0.000032 seconds.
  path: Assets/SunnyLand Artwork/Sprites/Items/cherry/cherry-4.png
  artifactKey: Guid(4f3dc6ccaf04b4061a059006d96715f1) Importer(2089858483,b0f066a214c2f5e87bad3c948f4d605d)
Start importing Assets/SunnyLand Artwork/Sprites/Items/cherry/cherry-4.png using Guid(4f3dc6ccaf04b4061a059006d96715f1) Importer(2089858483,b0f066a214c2f5e87bad3c948f4d605d) (ScriptedImporter) -> (artifact id: '26e36cf180762bdf3cbd38708261e242') in 0.0786418 seconds
Number of updated asset objects reloaded before import = 0Number of asset objects unloaded after import = 3

========================================================================
Received Import Request.
  Time since last request: 0.000042 seconds.
  path: Assets/SunnyLand Artwork/Sprites/Enemies/Slimer/slimer2.png
  artifactKey: Guid(b8c1a11ae347f5d4da11bd2f356009ed) Importer(2089858483,b0f066a214c2f5e87bad3c948f4d605d)
Start importing Assets/SunnyLand Artwork/Sprites/Enemies/Slimer/slimer2.png using Guid(b8c1a11ae347f5d4da11bd2f356009ed) Importer(2089858483,b0f066a214c2f5e87bad3c948f4d605d) (ScriptedImporter) -> (artifact id: '648089f8e02241209e6829bb02fddb2a') in 0.026106 seconds
Number of updated asset objects reloaded before import = 0Number of asset objects unloaded after import = 3

========================================================================
Received Import Request.
  Time since last request: 0.000029 seconds.
  path: Assets/SunnyLand Artwork/Sprites/player/jump
  artifactKey: Guid(731f9b2c4592c4e36bf859ade76b4d66) Importer(2089858483,b0f066a214c2f5e87bad3c948f4d605d)
Start importing Assets/SunnyLand Artwork/Sprites/player/jump using Guid(731f9b2c4592c4e36bf859ade76b4d66) Importer(2089858483,b0f066a214c2f5e87bad3c948f4d605d) (ScriptedImporter) -> (artifact id: '8738f3363006230a25114b4c7928292b') in 0.0205947 seconds
Number of updated asset objects reloaded before import = 0Number of asset objects unloaded after import = 1

========================================================================
Received Import Request.
  Time since last request: 0.000019 seconds.
  path: Assets/SunnyLand Artwork/Sprites/Enemies/Slimer/slimer3.png
  artifactKey: Guid(ff54077aa8eac95428ff9f1e86f4045f) Importer(2089858483,b0f066a214c2f5e87bad3c948f4d605d)
Start importing Assets/SunnyLand Artwork/Sprites/Enemies/Slimer/slimer3.png using Guid(ff54077aa8eac95428ff9f1e86f4045f) Importer(2089858483,b0f066a214c2f5e87bad3c948f4d605d) (ScriptedImporter) -> (artifact id: '91e3c0f7356bab6841f04d6d5cf97d26') in 0.0238856 seconds
Number of updated asset objects reloaded before import = 0Number of asset objects unloaded after import = 3

========================================================================
Received Import Request.
  Time since last request: 0.000021 seconds.
  path: Assets/SunnyLand Artwork/Environment/Tileset/tileset-sliced_83.asset
  artifactKey: Guid(64acea4efaed06d44bf141d8aaad8f0c) Importer(2089858483,b0f066a214c2f5e87bad3c948f4d605d)
Start importing Assets/SunnyLand Artwork/Environment/Tileset/tileset-sliced_83.asset using Guid(64acea4efaed06d44bf141d8aaad8f0c) Importer(2089858483,b0f066a214c2f5e87bad3c948f4d605d) (ScriptedImporter) -> (artifact id: '1e670e250d5fe3fd5ec2057d43174097') in 0.0247843 seconds
Number of updated asset objects reloaded before import = 0Number of asset objects unloaded after import = 2

========================================================================
Received Import Request.
  Time since last request: 0.000038 seconds.
  path: Assets/SunnyLand Artwork/Sprites/Enemies/Vulture/vulture3.png
  artifactKey: Guid(f1fa6bb9d4c2b08498afe75e30ee0bee) Importer(2089858483,b0f066a214c2f5e87bad3c948f4d605d)
Start importing Assets/SunnyLand Artwork/Sprites/Enemies/Vulture/vulture3.png using Guid(f1fa6bb9d4c2b08498afe75e30ee0bee) Importer(2089858483,b0f066a214c2f5e87bad3c948f4d605d) (ScriptedImporter) -> (artifact id: 'fb0e178b582972a419ecb95346cb031f') in 0.0250631 seconds
Number of updated asset objects reloaded before import = 0Number of asset objects unloaded after import = 3

========================================================================
Received Import Request.
  Time since last request: 0.000024 seconds.
  path: Assets/SunnyLand Artwork/Sprites/Enemies/Vulture/vulture2.png
  artifactKey: Guid(cea7b0258c1dd444c926d20d5e9f3807) Importer(2089858483,b0f066a214c2f5e87bad3c948f4d605d)
Start importing Assets/SunnyLand Artwork/Sprites/Enemies/Vulture/vulture2.png using Guid(cea7b0258c1dd444c926d20d5e9f3807) Importer(2089858483,b0f066a214c2f5e87bad3c948f4d605d) (ScriptedImporter) -> (artifact id: '70375462a82215e4bdbb81edbae32928') in 0.0252591 seconds
Number of updated asset objects reloaded before import = 0Number of asset objects unloaded after import = 3

========================================================================
Received Import Request.
  Time since last request: 0.000027 seconds.
  path: Assets/SunnyLand Artwork/Environment/Tileset/tileset-sliced_12.asset
  artifactKey: Guid(441afb49a6a3c8e41820d8d218442054) Importer(2089858483,b0f066a214c2f5e87bad3c948f4d605d)
Start importing Assets/SunnyLand Artwork/Environment/Tileset/tileset-sliced_12.asset using Guid(441afb49a6a3c8e41820d8d218442054) Importer(2089858483,b0f066a214c2f5e87bad3c948f4d605d) (ScriptedImporter) -> (artifact id: 'a75addfdfd9753f81d422a01c8a8e51a') in 0.0208751 seconds
Number of updated asset objects reloaded before import = 0Number of asset objects unloaded after import = 2

========================================================================
Received Import Request.
  Time since last request: 0.000036 seconds.
  path: Assets/SunnyLand Artwork/Environment/Tileset/tileset-sliced_105.asset
  artifactKey: Guid(702786ea6838f6f4abf83953a91e4961) Importer(2089858483,b0f066a214c2f5e87bad3c948f4d605d)
Start importing Assets/SunnyLand Artwork/Environment/Tileset/tileset-sliced_105.asset using Guid(702786ea6838f6f4abf83953a91e4961) Importer(2089858483,b0f066a214c2f5e87bad3c948f4d605d) (ScriptedImporter) -> (artifact id: '8276f10f68003108b651eed21aaaced0') in 0.0219153 seconds
Number of updated asset objects reloaded before import = 0Number of asset objects unloaded after import = 2

========================================================================
Received Import Request.
  Time since last request: 0.000036 seconds.
  path: Assets/SunnyLand Artwork/Environment/Tileset/tileset-sliced_90.asset
  artifactKey: Guid(903124808b079484ab00d85e5076cf71) Importer(2089858483,b0f066a214c2f5e87bad3c948f4d605d)
Start importing Assets/SunnyLand Artwork/Environment/Tileset/tileset-sliced_90.asset using Guid(903124808b079484ab00d85e5076cf71) Importer(2089858483,b0f066a214c2f5e87bad3c948f4d605d) (ScriptedImporter) -> (artifact id: 'a57787a64d79bc437e0b538671d3c4fd') in 0.0239835 seconds
Number of updated asset objects reloaded before import = 0Number of asset objects unloaded after import = 2

========================================================================
Received Import Request.
  Time since last request: 0.000050 seconds.
  path: Assets/SunnyLand Artwork/Environment/Tileset/tileset-sliced_15.asset
  artifactKey: Guid(32661da8ce8dd3644bc6468732fc6bf5) Importer(2089858483,b0f066a214c2f5e87bad3c948f4d605d)
Start importing Assets/SunnyLand Artwork/Environment/Tileset/tileset-sliced_15.asset using Guid(32661da8ce8dd3644bc6468732fc6bf5) Importer(2089858483,b0f066a214c2f5e87bad3c948f4d605d) (ScriptedImporter) -> (artifact id: '46e333fc4f4104170cf6ec0db4baa80f') in 0.021579 seconds
Number of updated asset objects reloaded before import = 0Number of asset objects unloaded after import = 2

========================================================================
Received Import Request.
  Time since last request: 0.000019 seconds.
  path: Assets/SunnyLand Artwork/Sprites/Enemies/frog/idle/frog-idle-4.png
  artifactKey: Guid(b0305a6bb0adb4f66b864290967ea22b) Importer(2089858483,b0f066a214c2f5e87bad3c948f4d605d)
Start importing Assets/SunnyLand Artwork/Sprites/Enemies/frog/idle/frog-idle-4.png using Guid(b0305a6bb0adb4f66b864290967ea22b) Importer(2089858483,b0f066a214c2f5e87bad3c948f4d605d) (ScriptedImporter) -> (artifact id: 'd870b173198c042bc118ccf8a774a61e') in 0.0237071 seconds
Number of updated asset objects reloaded before import = 0Number of asset objects unloaded after import = 3

========================================================================
Received Import Request.
  Time since last request: 0.000028 seconds.
  path: Assets/SunnyLand Artwork/Sprites/player/run
  artifactKey: Guid(36eea592e53a047d6be03259ef1ee568) Importer(2089858483,b0f066a214c2f5e87bad3c948f4d605d)
Start importing Assets/SunnyLand Artwork/Sprites/player/run using Guid(36eea592e53a047d6be03259ef1ee568) Importer(2089858483,b0f066a214c2f5e87bad3c948f4d605d) (ScriptedImporter) -> (artifact id: '841bb6bfdb04a1fe84368b8e0e2fab33') in 0.0196976 seconds
Number of updated asset objects reloaded before import = 0Number of asset objects unloaded after import = 1

========================================================================
Received Import Request.
  Time since last request: 0.000034 seconds.
  path: Assets/SunnyLand Artwork/Environment/Tileset/tileset-sliced_16.asset
  artifactKey: Guid(5248c970fd9211546bd3464de6f3c51c) Importer(2089858483,b0f066a214c2f5e87bad3c948f4d605d)
Start importing Assets/SunnyLand Artwork/Environment/Tileset/tileset-sliced_16.asset using Guid(5248c970fd9211546bd3464de6f3c51c) Importer(2089858483,b0f066a214c2f5e87bad3c948f4d605d) (ScriptedImporter) -> (artifact id: '5a6081355a0ec3421f6f7978272b6497') in 0.0222735 seconds
Number of updated asset objects reloaded before import = 0Number of asset objects unloaded after import = 2

========================================================================
Received Import Request.
  Time since last request: 0.000028 seconds.
  path: Assets/SunnyLand Artwork/Sprites/Enemies/Dino/dino3.png
  artifactKey: Guid(b49df5f77ab9d664982c5bbe1a65b9c1) Importer(2089858483,b0f066a214c2f5e87bad3c948f4d605d)
Start importing Assets/SunnyLand Artwork/Sprites/Enemies/Dino/dino3.png using Guid(b49df5f77ab9d664982c5bbe1a65b9c1) Importer(2089858483,b0f066a214c2f5e87bad3c948f4d605d) (ScriptedImporter) -> (artifact id: 'f29090ad3659c2faba89b55fece85133') in 0.0284242 seconds
Number of updated asset objects reloaded before import = 0Number of asset objects unloaded after import = 3

========================================================================
Received Import Request.
  Time since last request: 0.000022 seconds.
  path: Assets/SunnyLand Artwork/Environment/Tileset/tileset_16.asset
  artifactKey: Guid(4fa2771b2cb6a3740b771d8343c77633) Importer(2089858483,b0f066a214c2f5e87bad3c948f4d605d)
Start importing Assets/SunnyLand Artwork/Environment/Tileset/tileset_16.asset using Guid(4fa2771b2cb6a3740b771d8343c77633) Importer(2089858483,b0f066a214c2f5e87bad3c948f4d605d) (ScriptedImporter) -> (artifact id: 'e638324035eefb6ff6d22f8166e9f5c3') in 0.0203402 seconds
Number of updated asset objects reloaded before import = 0Number of asset objects unloaded after import = 1

========================================================================
Received Import Request.
  Time since last request: 0.000031 seconds.
  path: Assets/SunnyLand Artwork
  artifactKey: Guid(2f17d1e6a207e4d8eb72bd03b1b645ac) Importer(2089858483,b0f066a214c2f5e87bad3c948f4d605d)
Start importing Assets/SunnyLand Artwork using Guid(2f17d1e6a207e4d8eb72bd03b1b645ac) Importer(2089858483,b0f066a214c2f5e87bad3c948f4d605d) (ScriptedImporter) -> (artifact id: 'dea412450f0674eed13e3cc866516a98') in 0.0178438 seconds
Number of updated asset objects reloaded before import = 0Number of asset objects unloaded after import = 1

========================================================================
Received Import Request.
  Time since last request: 0.000044 seconds.
  path: Assets/SunnyLand Artwork/Sprites/player/jump/player-fall.png
  artifactKey: Guid(598fb1767626f42e992bb9c2769d86ea) Importer(2089858483,b0f066a214c2f5e87bad3c948f4d605d)
Start importing Assets/SunnyLand Artwork/Sprites/player/jump/player-fall.png using Guid(598fb1767626f42e992bb9c2769d86ea) Importer(2089858483,b0f066a214c2f5e87bad3c948f4d605d) (ScriptedImporter) -> (artifact id: '68f81465dd8c3b1c498df03aebb4202f') in 0.0336618 seconds
Number of updated asset objects reloaded before import = 0Number of asset objects unloaded after import = 3

========================================================================
Received Import Request.
  Time since last request: 0.000036 seconds.
  path: Assets/SunnyLand Artwork/Environment/Tileset
  artifactKey: Guid(f2b645eff4161c948a381d150c0904d6) Importer(2089858483,b0f066a214c2f5e87bad3c948f4d605d)
Start importing Assets/SunnyLand Artwork/Environment/Tileset using Guid(f2b645eff4161c948a381d150c0904d6) Importer(2089858483,b0f066a214c2f5e87bad3c948f4d605d) (ScriptedImporter) -> (artifact id: '09824c9c63d1196170475699c253df60') in 0.0198615 seconds
Number of updated asset objects reloaded before import = 0Number of asset objects unloaded after import = 1

========================================================================
Received Import Request.
  Time since last request: 0.000029 seconds.
  path: Assets/SunnyLand Artwork/Environment/Tileset/tileset-sliced_58.asset
  artifactKey: Guid(26a3ae836e2b82e43847066439abedc6) Importer(2089858483,b0f066a214c2f5e87bad3c948f4d605d)
Start importing Assets/SunnyLand Artwork/Environment/Tileset/tileset-sliced_58.asset using Guid(26a3ae836e2b82e43847066439abedc6) Importer(2089858483,b0f066a214c2f5e87bad3c948f4d605d) (ScriptedImporter) -> (artifact id: '0353fc99fa1e737a5497987b7fece232') in 0.0233299 seconds
Number of updated asset objects reloaded before import = 0Number of asset objects unloaded after import = 2

========================================================================
Received Import Request.
  Time since last request: 0.000030 seconds.
  path: Assets/SunnyLand Artwork/Environment/Tileset/tileset_106.asset
  artifactKey: Guid(feb7c546d2a4abd4c93f3236a91dbc84) Importer(2089858483,b0f066a214c2f5e87bad3c948f4d605d)
Start importing Assets/SunnyLand Artwork/Environment/Tileset/tileset_106.asset using Guid(feb7c546d2a4abd4c93f3236a91dbc84) Importer(2089858483,b0f066a214c2f5e87bad3c948f4d605d) (ScriptedImporter) -> (artifact id: '7a266a28442983dd71e8736787a0f480') in 0.0236637 seconds
Number of updated asset objects reloaded before import = 0Number of asset objects unloaded after import = 1

========================================================================
Received Import Request.
  Time since last request: 0.000044 seconds.
  path: Assets/SunnyLand Artwork/Environment/Tileset/tileset_67.asset
  artifactKey: Guid(ecb220dd387538b4cabda64e449afec5) Importer(2089858483,b0f066a214c2f5e87bad3c948f4d605d)
Start importing Assets/SunnyLand Artwork/Environment/Tileset/tileset_67.asset using Guid(ecb220dd387538b4cabda64e449afec5) Importer(2089858483,b0f066a214c2f5e87bad3c948f4d605d) (ScriptedImporter) -> (artifact id: 'baaf9a59410ff11bd0f1c26014f589b6') in 0.0258346 seconds
Number of updated asset objects reloaded before import = 0Number of asset objects unloaded after import = 1

========================================================================
Received Import Request.
  Time since last request: 0.000022 seconds.
  path: Assets/SunnyLand Artwork/Sprites/Enemies/bat/bat-hang/bat-hang4.png
  artifactKey: Guid(a79848618734cb040ad01feb8a6efb6d) Importer(2089858483,b0f066a214c2f5e87bad3c948f4d605d)
Start importing Assets/SunnyLand Artwork/Sprites/Enemies/bat/bat-hang/bat-hang4.png using Guid(a79848618734cb040ad01feb8a6efb6d) Importer(2089858483,b0f066a214c2f5e87bad3c948f4d605d) (ScriptedImporter) -> (artifact id: 'fe83ea468bcc77a1ba07646f076d96db') in 0.0271747 seconds
Number of updated asset objects reloaded before import = 0Number of asset objects unloaded after import = 3

========================================================================
Received Import Request.
  Time since last request: 0.000030 seconds.
  path: Assets/SunnyLand Artwork/Sprites/Enemies/Dog/dog1.png
  artifactKey: Guid(d31f46d309957764298b96bbd18f8b18) Importer(2089858483,b0f066a214c2f5e87bad3c948f4d605d)
Start importing Assets/SunnyLand Artwork/Sprites/Enemies/Dog/dog1.png using Guid(d31f46d309957764298b96bbd18f8b18) Importer(2089858483,b0f066a214c2f5e87bad3c948f4d605d) (ScriptedImporter) -> (artifact id: 'e4c866272e61e9465cc5ef9c849186da') in 0.0295183 seconds
Number of updated asset objects reloaded before import = 0Number of asset objects unloaded after import = 3

========================================================================
Received Import Request.
  Time since last request: 0.000038 seconds.
  path: Assets/SunnyLand Artwork/Environment/Tileset/tileset-sliced_36.asset
  artifactKey: Guid(db4fa6d5e47b2bb4fb72eef721796be1) Importer(2089858483,b0f066a214c2f5e87bad3c948f4d605d)
Start importing Assets/SunnyLand Artwork/Environment/Tileset/tileset-sliced_36.asset using Guid(db4fa6d5e47b2bb4fb72eef721796be1) Importer(2089858483,b0f066a214c2f5e87bad3c948f4d605d) (ScriptedImporter) -> (artifact id: '7bdfe6f6ff33bcc0fd0bb5ca49bc7959') in 0.0291822 seconds
Number of updated asset objects reloaded before import = 0Number of asset objects unloaded after import = 2

========================================================================
Received Import Request.
  Time since last request: 0.000041 seconds.
  path: Assets/SunnyLand Artwork/Sprites/Enemies/Slimer/slimer1.png
  artifactKey: Guid(b7a9b30e19b516f4e8f485ca2d26cbbd) Importer(2089858483,b0f066a214c2f5e87bad3c948f4d605d)
Start importing Assets/SunnyLand Artwork/Sprites/Enemies/Slimer/slimer1.png using Guid(b7a9b30e19b516f4e8f485ca2d26cbbd) Importer(2089858483,b0f066a214c2f5e87bad3c948f4d605d) (ScriptedImporter) -> (artifact id: '259a42ecedcb56f4107a8c5cbe1e4bed') in 0.0291451 seconds
Number of updated asset objects reloaded before import = 0Number of asset objects unloaded after import = 3

========================================================================
Received Import Request.
  Time since last request: 0.000020 seconds.
  path: Assets/SunnyLand Artwork/Sprites/Enemies/Dog-idle/dog-idlet6.png
  artifactKey: Guid(854d3cfac862d3c458756bf398c12232) Importer(2089858483,b0f066a214c2f5e87bad3c948f4d605d)
Start importing Assets/SunnyLand Artwork/Sprites/Enemies/Dog-idle/dog-idlet6.png using Guid(854d3cfac862d3c458756bf398c12232) Importer(2089858483,b0f066a214c2f5e87bad3c948f4d605d) (ScriptedImporter) -> (artifact id: '1c479cd1f3529837dedf2ca20999eee0') in 0.0219919 seconds
Number of updated asset objects reloaded before import = 0Number of asset objects unloaded after import = 3

========================================================================
Received Import Request.
  Time since last request: 0.000021 seconds.
  path: Assets/SunnyLand Artwork/Environment/Tileset/tileset_57.asset
  artifactKey: Guid(42364aff693023b43a6089e6eabfad97) Importer(2089858483,b0f066a214c2f5e87bad3c948f4d605d)
Start importing Assets/SunnyLand Artwork/Environment/Tileset/tileset_57.asset using Guid(42364aff693023b43a6089e6eabfad97) Importer(2089858483,b0f066a214c2f5e87bad3c948f4d605d) (ScriptedImporter) -> (artifact id: '40e2d24ddaf2d9eb006831870d218ca8') in 0.0180805 seconds
Number of updated asset objects reloaded before import = 0Number of asset objects unloaded after import = 1

========================================================================
Received Import Request.
  Time since last request: 0.000028 seconds.
  path: Assets/SunnyLand Artwork/Environment/Tileset/tileset-sliced_75.asset
  artifactKey: Guid(980de823f08f5c8429c5090bd39089aa) Importer(2089858483,b0f066a214c2f5e87bad3c948f4d605d)
Start importing Assets/SunnyLand Artwork/Environment/Tileset/tileset-sliced_75.asset using Guid(980de823f08f5c8429c5090bd39089aa) Importer(2089858483,b0f066a214c2f5e87bad3c948f4d605d) (ScriptedImporter) -> (artifact id: 'd83b54b7fe2b45cd3dc6141cec3155e0') in 0.0208777 seconds
Number of updated asset objects reloaded before import = 0Number of asset objects unloaded after import = 2

========================================================================
Received Import Request.
  Time since last request: 0.000032 seconds.
  path: Assets/SunnyLand Artwork/Environment/Tileset/tileset-sliced_78.asset
  artifactKey: Guid(4d820143dabff7f48888a021fb66efe6) Importer(2089858483,b0f066a214c2f5e87bad3c948f4d605d)
Start importing Assets/SunnyLand Artwork/Environment/Tileset/tileset-sliced_78.asset using Guid(4d820143dabff7f48888a021fb66efe6) Importer(2089858483,b0f066a214c2f5e87bad3c948f4d605d) (ScriptedImporter) -> (artifact id: '72e8bcb9ffba36f074fdc85df57ab35d') in 0.0223129 seconds
Number of updated asset objects reloaded before import = 0Number of asset objects unloaded after import = 2

========================================================================
Received Import Request.
  Time since last request: 0.000026 seconds.
  path: Assets/SunnyLand Artwork/Environment/Tileset/tileset-sliced_53.asset
  artifactKey: Guid(e4f7514cb0b1f8a4fa939a375b06a9dd) Importer(2089858483,b0f066a214c2f5e87bad3c948f4d605d)
Start importing Assets/SunnyLand Artwork/Environment/Tileset/tileset-sliced_53.asset using Guid(e4f7514cb0b1f8a4fa939a375b06a9dd) Importer(2089858483,b0f066a214c2f5e87bad3c948f4d605d) (ScriptedImporter) -> (artifact id: '6938b1a53ebaf24fdac00186c997696e') in 0.0226965 seconds
Number of updated asset objects reloaded before import = 0Number of asset objects unloaded after import = 2

========================================================================
Received Import Request.
  Time since last request: 0.000023 seconds.
  path: Assets/SunnyLand Artwork/Environment/Tileset/tileset-sliced_97.asset
  artifactKey: Guid(fab93e327bbd33a4fbf9b3fea2eb6063) Importer(2089858483,b0f066a214c2f5e87bad3c948f4d605d)
Start importing Assets/SunnyLand Artwork/Environment/Tileset/tileset-sliced_97.asset using Guid(fab93e327bbd33a4fbf9b3fea2eb6063) Importer(2089858483,b0f066a214c2f5e87bad3c948f4d605d) (ScriptedImporter) -> (artifact id: '2f6d691dc06d08514ad4549105c52a15') in 0.0215768 seconds
Number of updated asset objects reloaded before import = 0Number of asset objects unloaded after import = 2

========================================================================
Received Import Request.
  Time since last request: 0.000028 seconds.
  path: Assets/SunnyLand Artwork/Sprites/Enemies/frog/idle/frog-idle-1.png
  artifactKey: Guid(86ca59b9bca0e409b9ba2784fbe69f01) Importer(2089858483,b0f066a214c2f5e87bad3c948f4d605d)
Start importing Assets/SunnyLand Artwork/Sprites/Enemies/frog/idle/frog-idle-1.png using Guid(86ca59b9bca0e409b9ba2784fbe69f01) Importer(2089858483,b0f066a214c2f5e87bad3c948f4d605d) (ScriptedImporter) -> (artifact id: '36ba967d239fdc4e539d415793e94afb') in 0.0289018 seconds
Number of updated asset objects reloaded before import = 0Number of asset objects unloaded after import = 3

========================================================================
Received Import Request.
  Time since last request: 0.000037 seconds.
  path: Assets/SunnyLand Artwork/Environment/Tileset/tileset-sliced_6.asset
  artifactKey: Guid(86c556afa3a132048b03b316efc9f897) Importer(2089858483,b0f066a214c2f5e87bad3c948f4d605d)
Start importing Assets/SunnyLand Artwork/Environment/Tileset/tileset-sliced_6.asset using Guid(86c556afa3a132048b03b316efc9f897) Importer(2089858483,b0f066a214c2f5e87bad3c948f4d605d) (ScriptedImporter) -> (artifact id: 'a034111a946602ac677795f09c5b8b2c') in 0.0247259 seconds
Number of updated asset objects reloaded before import = 0Number of asset objects unloaded after import = 2

========================================================================
Received Import Request.
  Time since last request: 0.000021 seconds.
  path: Assets/SunnyLand Artwork/Environment/props/tree-house.png
  artifactKey: Guid(c9e075b5047b72547932a059854fe9d0) Importer(2089858483,b0f066a214c2f5e87bad3c948f4d605d)
Start importing Assets/SunnyLand Artwork/Environment/props/tree-house.png using Guid(c9e075b5047b72547932a059854fe9d0) Importer(2089858483,b0f066a214c2f5e87bad3c948f4d605d) (ScriptedImporter) -> (artifact id: 'c122624a91edb163f7735aa05b28db65') in 0.0485452 seconds
Number of updated asset objects reloaded before import = 0Number of asset objects unloaded after import = 3

========================================================================
Received Import Request.
  Time since last request: 0.000023 seconds.
  path: Assets/SunnyLand Artwork/Environment/Tileset/tileset-sliced_92.asset
  artifactKey: Guid(d5c3eb2696d74f344bc815a43c1b6ba1) Importer(2089858483,b0f066a214c2f5e87bad3c948f4d605d)
Start importing Assets/SunnyLand Artwork/Environment/Tileset/tileset-sliced_92.asset using Guid(d5c3eb2696d74f344bc815a43c1b6ba1) Importer(2089858483,b0f066a214c2f5e87bad3c948f4d605d) (ScriptedImporter) -> (artifact id: 'f788555b9588733560a19bdf370a07aa') in 0.0223639 seconds
Number of updated asset objects reloaded before import = 0Number of asset objects unloaded after import = 2

========================================================================
Received Import Request.
  Time since last request: 0.000037 seconds.
  path: Assets/SunnyLand Artwork/Environment/Tileset/tileset-sliced_42.asset
  artifactKey: Guid(bd649b0ac389e614584644136213427d) Importer(2089858483,b0f066a214c2f5e87bad3c948f4d605d)
Start importing Assets/SunnyLand Artwork/Environment/Tileset/tileset-sliced_42.asset using Guid(bd649b0ac389e614584644136213427d) Importer(2089858483,b0f066a214c2f5e87bad3c948f4d605d) (ScriptedImporter) -> (artifact id: 'aec662217c7df7efe96589d5125d159a') in 0.021089 seconds
Number of updated asset objects reloaded before import = 0Number of asset objects unloaded after import = 2

========================================================================
Received Import Request.
  Time since last request: 0.000041 seconds.
  path: Assets/SunnyLand Artwork/Sprites/Fx/enemy-death/enemy-death-1.png
  artifactKey: Guid(815f73f3585044a32811d21502d58770) Importer(2089858483,b0f066a214c2f5e87bad3c948f4d605d)
Start importing Assets/SunnyLand Artwork/Sprites/Fx/enemy-death/enemy-death-1.png using Guid(815f73f3585044a32811d21502d58770) Importer(2089858483,b0f066a214c2f5e87bad3c948f4d605d) (ScriptedImporter) -> (artifact id: '05744ce2e6fbc55252ff7d538bc03c5c') in 0.0241406 seconds
Number of updated asset objects reloaded before import = 0Number of asset objects unloaded after import = 3

========================================================================
Received Import Request.
  Time since last request: 0.000028 seconds.
  path: Assets/SunnyLand Artwork/Sprites/Items/gem/gem-5.png
  artifactKey: Guid(63fd366633d434aeb8ee3ee766305016) Importer(2089858483,b0f066a214c2f5e87bad3c948f4d605d)
Start importing Assets/SunnyLand Artwork/Sprites/Items/gem/gem-5.png using Guid(63fd366633d434aeb8ee3ee766305016) Importer(2089858483,b0f066a214c2f5e87bad3c948f4d605d) (ScriptedImporter) -> (artifact id: '8c840f901d3196b89f79751a288e23b4') in 0.0250201 seconds
Number of updated asset objects reloaded before import = 0Number of asset objects unloaded after import = 3

========================================================================
Received Import Request.
  Time since last request: 0.000062 seconds.
  path: Assets/SunnyLand Artwork/Sprites/Fx/enemy-death/enemy-death-1.controller
  artifactKey: Guid(8aa61b6bb07648945ace945788b99869) Importer(2089858483,b0f066a214c2f5e87bad3c948f4d605d)
Start importing Assets/SunnyLand Artwork/Sprites/Fx/enemy-death/enemy-death-1.controller using Guid(8aa61b6bb07648945ace945788b99869) Importer(2089858483,b0f066a214c2f5e87bad3c948f4d605d) (ScriptedImporter) -> (artifact id: 'e42ac968a5e2d64484db6eb32609b1f1') in 0.0235392 seconds
Number of updated asset objects reloaded before import = 0Number of asset objects unloaded after import = 4

========================================================================
Received Import Request.
  Time since last request: 0.000040 seconds.
  path: Assets/SunnyLand Artwork/Environment/Tileset/tileset_37.asset
  artifactKey: Guid(327d82686756caf42b73eddf4e67163a) Importer(2089858483,b0f066a214c2f5e87bad3c948f4d605d)
Start importing Assets/SunnyLand Artwork/Environment/Tileset/tileset_37.asset using Guid(327d82686756caf42b73eddf4e67163a) Importer(2089858483,b0f066a214c2f5e87bad3c948f4d605d) (ScriptedImporter) -> (artifact id: '08645217d8b348edc74aac8094fd75a5') in 0.0237593 seconds
Number of updated asset objects reloaded before import = 0Number of asset objects unloaded after import = 1

========================================================================
Received Import Request.
  Time since last request: 0.000037 seconds.
  path: Assets/SunnyLand Artwork/Sprites/Enemies/Dino/dino6.png
  artifactKey: Guid(29a44c96526224c40872841f63d51bc6) Importer(2089858483,b0f066a214c2f5e87bad3c948f4d605d)
Start importing Assets/SunnyLand Artwork/Sprites/Enemies/Dino/dino6.png using Guid(29a44c96526224c40872841f63d51bc6) Importer(2089858483,b0f066a214c2f5e87bad3c948f4d605d) (ScriptedImporter) -> (artifact id: '4a294f09f0d525659befb8b904602236') in 0.0240498 seconds
Number of updated asset objects reloaded before import = 0Number of asset objects unloaded after import = 3

========================================================================
Received Import Request.
  Time since last request: 0.000026 seconds.
  path: Assets/SunnyLand Artwork/Sprites/Enemies/bat/bat-hang
  artifactKey: Guid(22459fa9cc12c2844bbca7eb67308f43) Importer(2089858483,b0f066a214c2f5e87bad3c948f4d605d)
Start importing Assets/SunnyLand Artwork/Sprites/Enemies/bat/bat-hang using Guid(22459fa9cc12c2844bbca7eb67308f43) Importer(2089858483,b0f066a214c2f5e87bad3c948f4d605d) (ScriptedImporter) -> (artifact id: 'c1dc4c293553fcee8732a8c81b137ae6') in 0.0204924 seconds
Number of updated asset objects reloaded before import = 0Number of asset objects unloaded after import = 1

========================================================================
Received Import Request.
  Time since last request: 0.000025 seconds.
  path: Assets/SunnyLand Artwork/Environment/Tileset/tileset-sliced_125.asset
  artifactKey: Guid(bd3763d1031ef3e459b11d693e13aeaa) Importer(2089858483,b0f066a214c2f5e87bad3c948f4d605d)
Start importing Assets/SunnyLand Artwork/Environment/Tileset/tileset-sliced_125.asset using Guid(bd3763d1031ef3e459b11d693e13aeaa) Importer(2089858483,b0f066a214c2f5e87bad3c948f4d605d) (ScriptedImporter) -> (artifact id: '9c1d7de6ecfd6b8611788139ea920dbb') in 0.0212821 seconds
Number of updated asset objects reloaded before import = 0Number of asset objects unloaded after import = 2

========================================================================
Received Import Request.
  Time since last request: 0.000022 seconds.
  path: Assets/SunnyLand Artwork/Environment/props
  artifactKey: Guid(15e7312e0607f4e84aeacdc44a70744c) Importer(2089858483,b0f066a214c2f5e87bad3c948f4d605d)
Start importing Assets/SunnyLand Artwork/Environment/props using Guid(15e7312e0607f4e84aeacdc44a70744c) Importer(2089858483,b0f066a214c2f5e87bad3c948f4d605d) (ScriptedImporter) -> (artifact id: 'e5c08ec056b9ada0cb03f7abd98312ff') in 0.0197832 seconds
Number of updated asset objects reloaded before import = 0Number of asset objects unloaded after import = 1

========================================================================
Received Import Request.
  Time since last request: 0.000030 seconds.
  path: Assets/SunnyLand Artwork/Environment/Tileset/tileset_9.asset
  artifactKey: Guid(61c8e5a25e889f341800bb18bbb20f7d) Importer(2089858483,b0f066a214c2f5e87bad3c948f4d605d)
Start importing Assets/SunnyLand Artwork/Environment/Tileset/tileset_9.asset using Guid(61c8e5a25e889f341800bb18bbb20f7d) Importer(2089858483,b0f066a214c2f5e87bad3c948f4d605d) (ScriptedImporter) -> (artifact id: '9c34ec48b60d76fd7157d6debb492343') in 0.0228745 seconds
Number of updated asset objects reloaded before import = 0Number of asset objects unloaded after import = 1

========================================================================
Received Import Request.
  Time since last request: 0.000022 seconds.
  path: Assets/SunnyLand Artwork/Environment/Tileset/tileset-sliced_17.asset
  artifactKey: Guid(b9344e08b64d36842b6d88a418a3aa1f) Importer(2089858483,b0f066a214c2f5e87bad3c948f4d605d)
Start importing Assets/SunnyLand Artwork/Environment/Tileset/tileset-sliced_17.asset using Guid(b9344e08b64d36842b6d88a418a3aa1f) Importer(2089858483,b0f066a214c2f5e87bad3c948f4d605d) (ScriptedImporter) -> (artifact id: '9ac13ad284f2261cdbeee2b957b2fafa') in 0.0264328 seconds
Number of updated asset objects reloaded before import = 0Number of asset objects unloaded after import = 2

========================================================================
Received Import Request.
  Time since last request: 0.000031 seconds.
  path: Assets/SunnyLand Artwork/Sprites/Enemies/Dino-Idle/dino-idle4.png
  artifactKey: Guid(25f4ef23863b07943ae75a1fe6be00e3) Importer(2089858483,b0f066a214c2f5e87bad3c948f4d605d)
Start importing Assets/SunnyLand Artwork/Sprites/Enemies/Dino-Idle/dino-idle4.png using Guid(25f4ef23863b07943ae75a1fe6be00e3) Importer(2089858483,b0f066a214c2f5e87bad3c948f4d605d) (ScriptedImporter) -> (artifact id: '11c2ddc1fbaee2c873828d1575460ce8') in 0.0276802 seconds
Number of updated asset objects reloaded before import = 0Number of asset objects unloaded after import = 3

========================================================================
Received Import Request.
  Time since last request: 0.000031 seconds.
  path: Assets/SunnyLand Artwork/Environment/Tileset/tileset-sliced_65.asset
  artifactKey: Guid(fe8c6c3d73d8be340a49bfa1339236a4) Importer(2089858483,b0f066a214c2f5e87bad3c948f4d605d)
Start importing Assets/SunnyLand Artwork/Environment/Tileset/tileset-sliced_65.asset using Guid(fe8c6c3d73d8be340a49bfa1339236a4) Importer(2089858483,b0f066a214c2f5e87bad3c948f4d605d) (ScriptedImporter) -> (artifact id: '185db9a7516a64fd80a9192e75a0a880') in 0.0246586 seconds
Number of updated asset objects reloaded before import = 0Number of asset objects unloaded after import = 2

========================================================================
Received Import Request.
  Time since last request: 0.000039 seconds.
  path: Assets/SunnyLand Artwork/Sprites/player/idle/player-idle-3.png
  artifactKey: Guid(077f0469c420a4365bc67943783293df) Importer(2089858483,b0f066a214c2f5e87bad3c948f4d605d)
Start importing Assets/SunnyLand Artwork/Sprites/player/idle/player-idle-3.png using Guid(077f0469c420a4365bc67943783293df) Importer(2089858483,b0f066a214c2f5e87bad3c948f4d605d) (ScriptedImporter) -> (artifact id: 'd118c59045be97c890397fa555f9730f') in 0.0213656 seconds
Number of updated asset objects reloaded before import = 0Number of asset objects unloaded after import = 3

========================================================================
Received Import Request.
  Time since last request: 0.000025 seconds.
  path: Assets/SunnyLand Artwork/Environment/props/bush.png
  artifactKey: Guid(ecc204495234d40f091d828790c56287) Importer(2089858483,b0f066a214c2f5e87bad3c948f4d605d)
Start importing Assets/SunnyLand Artwork/Environment/props/bush.png using Guid(ecc204495234d40f091d828790c56287) Importer(2089858483,b0f066a214c2f5e87bad3c948f4d605d) (ScriptedImporter) -> (artifact id: 'e4da9a9785c66894bb9b5de795e72653') in 0.0291685 seconds
Number of updated asset objects reloaded before import = 0Number of asset objects unloaded after import = 3

========================================================================
Received Import Request.
  Time since last request: 0.000023 seconds.
  path: Assets/SunnyLand Artwork/Environment/Tileset/tileset_77.asset
  artifactKey: Guid(7b6ad42f15111f74d9c51351a96a51e9) Importer(2089858483,b0f066a214c2f5e87bad3c948f4d605d)
Start importing Assets/SunnyLand Artwork/Environment/Tileset/tileset_77.asset using Guid(7b6ad42f15111f74d9c51351a96a51e9) Importer(2089858483,b0f066a214c2f5e87bad3c948f4d605d) (ScriptedImporter) -> (artifact id: '0f54ac599a92021b057f67465d203733') in 0.0238228 seconds
Number of updated asset objects reloaded before import = 0Number of asset objects unloaded after import = 1

========================================================================
Received Import Request.
  Time since last request: 0.000031 seconds.
  path: Assets/SunnyLand Artwork/Sprites/Enemies/bear/bear-walk1.controller
  artifactKey: Guid(6335f15cd83a0e54f8857f7a5dd177f2) Importer(2089858483,b0f066a214c2f5e87bad3c948f4d605d)
Start importing Assets/SunnyLand Artwork/Sprites/Enemies/bear/bear-walk1.controller using Guid(6335f15cd83a0e54f8857f7a5dd177f2) Importer(2089858483,b0f066a214c2f5e87bad3c948f4d605d) (ScriptedImporter) -> (artifact id: 'f73753dd08c5afff0d8db5a76b4724cc') in 0.0213105 seconds
Number of updated asset objects reloaded before import = 0Number of asset objects unloaded after import = 4

========================================================================
Received Import Request.
  Time since last request: 0.000049 seconds.
  path: Assets/SunnyLand Artwork/Environment/Tileset/tileset-sliced_60.asset
  artifactKey: Guid(5c8b9551abdb8ca489078ff9de589364) Importer(2089858483,b0f066a214c2f5e87bad3c948f4d605d)
Start importing Assets/SunnyLand Artwork/Environment/Tileset/tileset-sliced_60.asset using Guid(5c8b9551abdb8ca489078ff9de589364) Importer(2089858483,b0f066a214c2f5e87bad3c948f4d605d) (ScriptedImporter) -> (artifact id: 'db01d4603d4742b72526b0bcfe6efb33') in 0.0256716 seconds
Number of updated asset objects reloaded before import = 0Number of asset objects unloaded after import = 2

========================================================================
Received Import Request.
  Time since last request: 0.000022 seconds.
  path: Assets/SunnyLand Artwork/Environment/Tileset/tileset-sliced_26.asset
  artifactKey: Guid(5aee560c5f58ecd4da0c90ceb8da0308) Importer(2089858483,b0f066a214c2f5e87bad3c948f4d605d)
Start importing Assets/SunnyLand Artwork/Environment/Tileset/tileset-sliced_26.asset using Guid(5aee560c5f58ecd4da0c90ceb8da0308) Importer(2089858483,b0f066a214c2f5e87bad3c948f4d605d) (ScriptedImporter) -> (artifact id: 'de0e5d0757d69db4c0a04914be00a69d') in 0.0190638 seconds
Number of updated asset objects reloaded before import = 0Number of asset objects unloaded after import = 2

========================================================================
Received Import Request.
  Time since last request: 0.000029 seconds.
  path: Assets/SunnyLand Artwork/Sprites/Enemies/eagle/Eagle-Animation.anim
  artifactKey: Guid(452cd83b532eddc4198624efb5753b83) Importer(2089858483,b0f066a214c2f5e87bad3c948f4d605d)
Start importing Assets/SunnyLand Artwork/Sprites/Enemies/eagle/Eagle-Animation.anim using Guid(452cd83b532eddc4198624efb5753b83) Importer(2089858483,b0f066a214c2f5e87bad3c948f4d605d) (ScriptedImporter) -> (artifact id: 'aee90f79bd8778e809ca2c3d0b67bde9') in 0.0304402 seconds
Number of updated asset objects reloaded before import = 0Number of asset objects unloaded after import = 1

========================================================================
Received Import Request.
  Time since last request: 0.000020 seconds.
  path: Assets/SunnyLand Artwork/Sprites/Enemies/Dog/dog4.png
  artifactKey: Guid(88ba4f65bc4f3ab479dfef0d2e885e30) Importer(2089858483,b0f066a214c2f5e87bad3c948f4d605d)
Start importing Assets/SunnyLand Artwork/Sprites/Enemies/Dog/dog4.png using Guid(88ba4f65bc4f3ab479dfef0d2e885e30) Importer(2089858483,b0f066a214c2f5e87bad3c948f4d605d) (ScriptedImporter) -> (artifact id: '59c3a9b07ce935ecd2497f48a1e15de4') in 0.0260444 seconds
Number of updated asset objects reloaded before import = 0Number of asset objects unloaded after import = 3

========================================================================
Received Import Request.
  Time since last request: 0.000053 seconds.
  path: Assets/SunnyLand Artwork/Environment/Tileset/tileset_83.asset
  artifactKey: Guid(95099d742e6b24a4382c822011e8f973) Importer(2089858483,b0f066a214c2f5e87bad3c948f4d605d)
Start importing Assets/SunnyLand Artwork/Environment/Tileset/tileset_83.asset using Guid(95099d742e6b24a4382c822011e8f973) Importer(2089858483,b0f066a214c2f5e87bad3c948f4d605d) (ScriptedImporter) -> (artifact id: 'ebc3556b18f6466274fc0ce5b7c365bb') in 0.0443779 seconds
Number of updated asset objects reloaded before import = 0Number of asset objects unloaded after import = 1

========================================================================
Received Import Request.
  Time since last request: 0.000027 seconds.
  path: Assets/SunnyLand Artwork/Environment/Tileset/tileset_102.asset
  artifactKey: Guid(5c30538ad81883644914a2f7fa4ba235) Importer(2089858483,b0f066a214c2f5e87bad3c948f4d605d)
Start importing Assets/SunnyLand Artwork/Environment/Tileset/tileset_102.asset using Guid(5c30538ad81883644914a2f7fa4ba235) Importer(2089858483,b0f066a214c2f5e87bad3c948f4d605d) (ScriptedImporter) -> (artifact id: '9e5f5e62a6af05d3240ebeae82387bc9') in 0.0221613 seconds
Number of updated asset objects reloaded before import = 0Number of asset objects unloaded after import = 1

========================================================================
Received Import Request.
  Time since last request: 0.000022 seconds.
  path: Assets/SunnyLand Artwork/Environment/Tileset/tileset-sliced_85.asset
  artifactKey: Guid(6b1d8c50cc16b93438a5adc569a81b76) Importer(2089858483,b0f066a214c2f5e87bad3c948f4d605d)
Start importing Assets/SunnyLand Artwork/Environment/Tileset/tileset-sliced_85.asset using Guid(6b1d8c50cc16b93438a5adc569a81b76) Importer(2089858483,b0f066a214c2f5e87bad3c948f4d605d) (ScriptedImporter) -> (artifact id: 'd9eea1d258be727cbedf822ce230fe78') in 0.0198112 seconds
Number of updated asset objects reloaded before import = 0Number of asset objects unloaded after import = 2

========================================================================
Received Import Request.
  Time since last request: 0.000036 seconds.
  path: Assets/SunnyLand Artwork/Environment/Tileset/tileset_5.asset
  artifactKey: Guid(2ec1a1bd26bc38e4dab8bf86d0557419) Importer(2089858483,b0f066a214c2f5e87bad3c948f4d605d)
Start importing Assets/SunnyLand Artwork/Environment/Tileset/tileset_5.asset using Guid(2ec1a1bd26bc38e4dab8bf86d0557419) Importer(2089858483,b0f066a214c2f5e87bad3c948f4d605d) (ScriptedImporter) -> (artifact id: 'f256c800b40e205e1cddae3478650f15') in 0.0351192 seconds
Number of updated asset objects reloaded before import = 0Number of asset objects unloaded after import = 1

========================================================================
Received Import Request.
  Time since last request: 0.000055 seconds.
  path: Assets/SunnyLand Artwork/Environment/Tileset/tileset_85.asset
  artifactKey: Guid(36de3e1c033a3bb4cbb89f8df9a8a1d9) Importer(2089858483,b0f066a214c2f5e87bad3c948f4d605d)
Start importing Assets/SunnyLand Artwork/Environment/Tileset/tileset_85.asset using Guid(36de3e1c033a3bb4cbb89f8df9a8a1d9) Importer(2089858483,b0f066a214c2f5e87bad3c948f4d605d) (ScriptedImporter) -> (artifact id: '11cf03c080df69ab1e3239edcbbc9a1f') in 0.0193849 seconds
Number of updated asset objects reloaded before import = 0Number of asset objects unloaded after import = 1

========================================================================
Received Import Request.
  Time since last request: 0.000022 seconds.
  path: Assets/SunnyLand Artwork/Music tracks/hurry_up_and_run.mp3
  artifactKey: Guid(b6dc04f2884eb5b46b675390b1e75e84) Importer(2089858483,b0f066a214c2f5e87bad3c948f4d605d)
Start importing Assets/SunnyLand Artwork/Music tracks/hurry_up_and_run.mp3 using Guid(b6dc04f2884eb5b46b675390b1e75e84) Importer(2089858483,b0f066a214c2f5e87bad3c948f4d605d) (ScriptedImporter) -> (artifact id: '18c1823001adb3b4f9ba474183ec08f4') in 0.2821518 seconds
Number of updated asset objects reloaded before import = 0Number of asset objects unloaded after import = 1

========================================================================
Received Import Request.
  Time since last request: 0.000027 seconds.
  path: Assets/SunnyLand Artwork/Sprites/Enemies/Slimer/slimer4.png
  artifactKey: Guid(011e5bc739bf9b04c96d763a2cd07aa0) Importer(2089858483,b0f066a214c2f5e87bad3c948f4d605d)
Start importing Assets/SunnyLand Artwork/Sprites/Enemies/Slimer/slimer4.png using Guid(011e5bc739bf9b04c96d763a2cd07aa0) Importer(2089858483,b0f066a214c2f5e87bad3c948f4d605d) (ScriptedImporter) -> (artifact id: 'f66435d7cb8a1e9b75c5b50aa4db9918') in 0.0263052 seconds
Number of updated asset objects reloaded before import = 0Number of asset objects unloaded after import = 3

========================================================================
Received Import Request.
  Time since last request: 0.000033 seconds.
  path: Assets/SunnyLand Artwork/Environment/Tileset/tileset-sliced_49.asset
  artifactKey: Guid(5ea81004fce0b8c43b0827f2a8fe1a17) Importer(2089858483,b0f066a214c2f5e87bad3c948f4d605d)
Start importing Assets/SunnyLand Artwork/Environment/Tileset/tileset-sliced_49.asset using Guid(5ea81004fce0b8c43b0827f2a8fe1a17) Importer(2089858483,b0f066a214c2f5e87bad3c948f4d605d) (ScriptedImporter) -> (artifact id: 'cc5113d7602bb1568fff212079bac217') in 0.0251409 seconds
Number of updated asset objects reloaded before import = 0Number of asset objects unloaded after import = 2

========================================================================
Received Import Request.
  Time since last request: 0.000030 seconds.
  path: Assets/SunnyLand Artwork/Sprites/Enemies/Dino-Idle/dino-idle2.png
  artifactKey: Guid(9f47bc5e5682e37439e15bedbe83cec3) Importer(2089858483,b0f066a214c2f5e87bad3c948f4d605d)
Start importing Assets/SunnyLand Artwork/Sprites/Enemies/Dino-Idle/dino-idle2.png using Guid(9f47bc5e5682e37439e15bedbe83cec3) Importer(2089858483,b0f066a214c2f5e87bad3c948f4d605d) (ScriptedImporter) -> (artifact id: '646ee7555d8e1fadcfc8f440f90d3e6b') in 0.0490012 seconds
Number of updated asset objects reloaded before import = 0Number of asset objects unloaded after import = 3

========================================================================
Received Import Request.
  Time since last request: 0.000071 seconds.
  path: Assets/SunnyLand Artwork/Environment/Tileset/tileset_50.asset
  artifactKey: Guid(ecd31e0c89c2de9479af40d9a85d7798) Importer(2089858483,b0f066a214c2f5e87bad3c948f4d605d)
Start importing Assets/SunnyLand Artwork/Environment/Tileset/tileset_50.asset using Guid(ecd31e0c89c2de9479af40d9a85d7798) Importer(2089858483,b0f066a214c2f5e87bad3c948f4d605d) (ScriptedImporter) -> (artifact id: '11915d3d27bb9fbb17d6f7a1a87a49e7') in 0.0247674 seconds
Number of updated asset objects reloaded before import = 0Number of asset objects unloaded after import = 1

========================================================================
Received Import Request.
  Time since last request: 0.000032 seconds.
  path: Assets/SunnyLand Artwork/Environment/Tileset/tileset_27.asset
  artifactKey: Guid(f8e435a82860ba34e84f6d70e4c90008) Importer(2089858483,b0f066a214c2f5e87bad3c948f4d605d)
Start importing Assets/SunnyLand Artwork/Environment/Tileset/tileset_27.asset using Guid(f8e435a82860ba34e84f6d70e4c90008) Importer(2089858483,b0f066a214c2f5e87bad3c948f4d605d) (ScriptedImporter) -> (artifact id: '5720ced913c34fd17676a57dea9f054c') in 0.045166 seconds
Number of updated asset objects reloaded before import = 0Number of asset objects unloaded after import = 1

========================================================================
Received Import Request.
  Time since last request: 0.000087 seconds.
  path: Assets/SunnyLand Artwork/Environment/Tileset/tileset_31.asset
  artifactKey: Guid(a05ccd1c16870ff48949e5c11f051320) Importer(2089858483,b0f066a214c2f5e87bad3c948f4d605d)
Start importing Assets/SunnyLand Artwork/Environment/Tileset/tileset_31.asset using Guid(a05ccd1c16870ff48949e5c11f051320) Importer(2089858483,b0f066a214c2f5e87bad3c948f4d605d) (ScriptedImporter) -> (artifact id: '6680b981be4885d5382c366010ae840f') in 0.0311144 seconds
Number of updated asset objects reloaded before import = 0Number of asset objects unloaded after import = 1

========================================================================
Received Import Request.
  Time since last request: 0.000054 seconds.
  path: Assets/SunnyLand Artwork/Environment/Tileset/tileset_29.asset
  artifactKey: Guid(ea0f1b9046bd287439ee03e68cb4a22d) Importer(2089858483,b0f066a214c2f5e87bad3c948f4d605d)
Start importing Assets/SunnyLand Artwork/Environment/Tileset/tileset_29.asset using Guid(ea0f1b9046bd287439ee03e68cb4a22d) Importer(2089858483,b0f066a214c2f5e87bad3c948f4d605d) (ScriptedImporter) -> (artifact id: 'ffe20e944c3f390e52ad6241321bb38c') in 0.0221202 seconds
Number of updated asset objects reloaded before import = 0Number of asset objects unloaded after import = 1

========================================================================
Received Import Request.
  Time since last request: 0.000035 seconds.
  path: Assets/SunnyLand Artwork/Sprites/player/crouch/player-crouch-2.png
  artifactKey: Guid(448d57c5e4c694686badaba281a6adff) Importer(2089858483,b0f066a214c2f5e87bad3c948f4d605d)
Start importing Assets/SunnyLand Artwork/Sprites/player/crouch/player-crouch-2.png using Guid(448d57c5e4c694686badaba281a6adff) Importer(2089858483,b0f066a214c2f5e87bad3c948f4d605d) (ScriptedImporter) -> (artifact id: '15fb1d5d9e35168154aa11b8d3e90e76') in 0.0266223 seconds
Number of updated asset objects reloaded before import = 0Number of asset objects unloaded after import = 3

========================================================================
Received Import Request.
  Time since last request: 0.000018 seconds.
  path: Assets/SunnyLand Artwork/Environment/Tileset/tileset_74.asset
  artifactKey: Guid(4f4069c0ffc7b094693aa23267b44e26) Importer(2089858483,b0f066a214c2f5e87bad3c948f4d605d)
Start importing Assets/SunnyLand Artwork/Environment/Tileset/tileset_74.asset using Guid(4f4069c0ffc7b094693aa23267b44e26) Importer(2089858483,b0f066a214c2f5e87bad3c948f4d605d) (ScriptedImporter) -> (artifact id: '71fbda888f8083758fa50b52eda8c2c4') in 0.0210203 seconds
Number of updated asset objects reloaded before import = 0Number of asset objects unloaded after import = 1

========================================================================
Received Import Request.
  Time since last request: 0.000020 seconds.
  path: Assets/SunnyLand Artwork/Environment/props/block-big.png
  artifactKey: Guid(5bccf13ce09bd43e39c1c3416d5de92c) Importer(2089858483,b0f066a214c2f5e87bad3c948f4d605d)
Start importing Assets/SunnyLand Artwork/Environment/props/block-big.png using Guid(5bccf13ce09bd43e39c1c3416d5de92c) Importer(2089858483,b0f066a214c2f5e87bad3c948f4d605d) (ScriptedImporter) -> (artifact id: 'cd7440f7c14d4e4abc4617df49b739ca') in 0.0287698 seconds
Number of updated asset objects reloaded before import = 0Number of asset objects unloaded after import = 3

========================================================================
Received Import Request.
  Time since last request: 0.000036 seconds.
  path: Assets/SunnyLand Artwork/Environment/Tileset/tileset_84.asset
  artifactKey: Guid(7463e4c2eddf8e845a4765a9544df106) Importer(2089858483,b0f066a214c2f5e87bad3c948f4d605d)
Start importing Assets/SunnyLand Artwork/Environment/Tileset/tileset_84.asset using Guid(7463e4c2eddf8e845a4765a9544df106) Importer(2089858483,b0f066a214c2f5e87bad3c948f4d605d) (ScriptedImporter) -> (artifact id: 'b134cf59645ec704d3ec927441f07218') in 0.0229617 seconds
Number of updated asset objects reloaded before import = 0Number of asset objects unloaded after import = 1

========================================================================
Received Import Request.
  Time since last request: 0.000034 seconds.
  path: Assets/SunnyLand Artwork/Environment/Tileset/tileset_107.asset
  artifactKey: Guid(dc5ccd759b78a984eb2da40fa009bbac) Importer(2089858483,b0f066a214c2f5e87bad3c948f4d605d)
Start importing Assets/SunnyLand Artwork/Environment/Tileset/tileset_107.asset using Guid(dc5ccd759b78a984eb2da40fa009bbac) Importer(2089858483,b0f066a214c2f5e87bad3c948f4d605d) (ScriptedImporter) -> (artifact id: 'f511478810d8646d0244c221191857fe') in 0.0212218 seconds
Number of updated asset objects reloaded before import = 0Number of asset objects unloaded after import = 1

========================================================================
Received Import Request.
  Time since last request: 0.000021 seconds.
  path: Assets/SunnyLand Artwork/Environment/Tileset/tileset-sliced_48.asset
  artifactKey: Guid(e5392e55430188a48bcd79da1a30765d) Importer(2089858483,b0f066a214c2f5e87bad3c948f4d605d)
Start importing Assets/SunnyLand Artwork/Environment/Tileset/tileset-sliced_48.asset using Guid(e5392e55430188a48bcd79da1a30765d) Importer(2089858483,b0f066a214c2f5e87bad3c948f4d605d) (ScriptedImporter) -> (artifact id: 'd2059cf9c8f27602d7e14be5cb90db74') in 0.0239479 seconds
Number of updated asset objects reloaded before import = 0Number of asset objects unloaded after import = 2

========================================================================
Received Import Request.
  Time since last request: 0.000021 seconds.
  path: Assets/SunnyLand Artwork/Environment/Tileset/tileset-sliced_124.asset
  artifactKey: Guid(3010b24de58d5904e8a14d6374475698) Importer(2089858483,b0f066a214c2f5e87bad3c948f4d605d)
Start importing Assets/SunnyLand Artwork/Environment/Tileset/tileset-sliced_124.asset using Guid(3010b24de58d5904e8a14d6374475698) Importer(2089858483,b0f066a214c2f5e87bad3c948f4d605d) (ScriptedImporter) -> (artifact id: 'd96ba979c89d85d278d418bbb1888633') in 0.0255519 seconds
Number of updated asset objects reloaded before import = 0Number of asset objects unloaded after import = 2

========================================================================
Received Import Request.
  Time since last request: 0.000060 seconds.
  path: Assets/SunnyLand Artwork/Environment/Tileset/tileset-sliced_30.asset
  artifactKey: Guid(4c4f101011a3f6f4b91cd4ab5acf104c) Importer(2089858483,b0f066a214c2f5e87bad3c948f4d605d)
Start importing Assets/SunnyLand Artwork/Environment/Tileset/tileset-sliced_30.asset using Guid(4c4f101011a3f6f4b91cd4ab5acf104c) Importer(2089858483,b0f066a214c2f5e87bad3c948f4d605d) (ScriptedImporter) -> (artifact id: '73c17ae58e942100f56ae6393cb53939') in 0.0234488 seconds
Number of updated asset objects reloaded before import = 0Number of asset objects unloaded after import = 2

========================================================================
Received Import Request.
  Time since last request: 0.000044 seconds.
  path: Assets/SunnyLand Artwork/Sprites/Fx/item-feedback
  artifactKey: Guid(9fecb65d474b940b6b703bf0b815d5e0) Importer(2089858483,b0f066a214c2f5e87bad3c948f4d605d)
Start importing Assets/SunnyLand Artwork/Sprites/Fx/item-feedback using Guid(9fecb65d474b940b6b703bf0b815d5e0) Importer(2089858483,b0f066a214c2f5e87bad3c948f4d605d) (ScriptedImporter) -> (artifact id: '9e75769427e5521ee641a3a3758dabd8') in 0.0169587 seconds
Number of updated asset objects reloaded before import = 0Number of asset objects unloaded after import = 1

========================================================================
Received Import Request.
  Time since last request: 0.000022 seconds.
  path: Assets/SunnyLand Artwork/Environment/Tileset/tileset-sliced_89.asset
  artifactKey: Guid(33c04ad312209db4c90b81d31ebf40f9) Importer(2089858483,b0f066a214c2f5e87bad3c948f4d605d)
Start importing Assets/SunnyLand Artwork/Environment/Tileset/tileset-sliced_89.asset using Guid(33c04ad312209db4c90b81d31ebf40f9) Importer(2089858483,b0f066a214c2f5e87bad3c948f4d605d) (ScriptedImporter) -> (artifact id: '4f3781b6376800c51ffdb8c70869fc93') in 0.021489 seconds
Number of updated asset objects reloaded before import = 0Number of asset objects unloaded after import = 2

========================================================================
Received Import Request.
  Time since last request: 0.000020 seconds.
  path: Assets/SunnyLand Artwork/Sprites/Enemies/bat/bat-fly/bat-fly2.png
  artifactKey: Guid(5a464ebfa54da16439b0d2aa99592a78) Importer(2089858483,b0f066a214c2f5e87bad3c948f4d605d)
Start importing Assets/SunnyLand Artwork/Sprites/Enemies/bat/bat-fly/bat-fly2.png using Guid(5a464ebfa54da16439b0d2aa99592a78) Importer(2089858483,b0f066a214c2f5e87bad3c948f4d605d) (ScriptedImporter) -> (artifact id: 'f4842b8b7ad90464e11febb7519280ac') in 0.0440192 seconds
Number of updated asset objects reloaded before import = 0Number of asset objects unloaded after import = 3

========================================================================
Received Import Request.
  Time since last request: 0.000024 seconds.
  path: Assets/SunnyLand Artwork/Music tracks/Maniac.ogg
  artifactKey: Guid(596e0f53d0760684897f73aa6d85324a) Importer(2089858483,b0f066a214c2f5e87bad3c948f4d605d)
Start importing Assets/SunnyLand Artwork/Music tracks/Maniac.ogg using Guid(596e0f53d0760684897f73aa6d85324a) Importer(2089858483,b0f066a214c2f5e87bad3c948f4d605d) (ScriptedImporter) -> (artifact id: 'cb4673d0f834f14d622c3f92ffb72138') in 0.559412 seconds
Number of updated asset objects reloaded before import = 0Number of asset objects unloaded after import = 1

========================================================================
Received Import Request.
  Time since last request: 0.000042 seconds.
  path: Assets/SunnyLand Artwork/Environment/Tileset/tileset-sliced_57.asset
  artifactKey: Guid(85936b914a1f6db4abe8b90aee8c2e20) Importer(2089858483,b0f066a214c2f5e87bad3c948f4d605d)
Start importing Assets/SunnyLand Artwork/Environment/Tileset/tileset-sliced_57.asset using Guid(85936b914a1f6db4abe8b90aee8c2e20) Importer(2089858483,b0f066a214c2f5e87bad3c948f4d605d) (ScriptedImporter) -> (artifact id: 'df7c84f227e64e988f8a2a242a8b25d9') in 0.0361712 seconds
Number of updated asset objects reloaded before import = 0Number of asset objects unloaded after import = 2

========================================================================
Received Import Request.
  Time since last request: 0.000024 seconds.
  path: Assets/SunnyLand Artwork/Environment/Tileset/tileset_94.asset
  artifactKey: Guid(d72cb9168168d264ea51da34eebaefb9) Importer(2089858483,b0f066a214c2f5e87bad3c948f4d605d)
Start importing Assets/SunnyLand Artwork/Environment/Tileset/tileset_94.asset using Guid(d72cb9168168d264ea51da34eebaefb9) Importer(2089858483,b0f066a214c2f5e87bad3c948f4d605d) (ScriptedImporter) -> (artifact id: '7a0c6f06ea9e5316240101124b37989c') in 0.0453246 seconds
Number of updated asset objects reloaded before import = 0Number of asset objects unloaded after import = 1

========================================================================
Received Import Request.
  Time since last request: 0.000026 seconds.
  path: Assets/SunnyLand Artwork/Sprites/Enemies/opossum/Oposum-Animation.anim
  artifactKey: Guid(b808b0ae5078e434b9c0e1166ace36fc) Importer(2089858483,b0f066a214c2f5e87bad3c948f4d605d)
Start importing Assets/SunnyLand Artwork/Sprites/Enemies/opossum/Oposum-Animation.anim using Guid(b808b0ae5078e434b9c0e1166ace36fc) Importer(2089858483,b0f066a214c2f5e87bad3c948f4d605d) (ScriptedImporter) -> (artifact id: 'a2b68fdb38183c49d0e7759b3da38043') in 0.0267936 seconds
Number of updated asset objects reloaded before import = 0Number of asset objects unloaded after import = 1

========================================================================
Received Import Request.
  Time since last request: 0.000123 seconds.
  path: Assets/SunnyLand Artwork/Sprites/Enemies/Vulture
  artifactKey: Guid(d429392ee7c34c346be332d0c9e2ac44) Importer(2089858483,b0f066a214c2f5e87bad3c948f4d605d)
Start importing Assets/SunnyLand Artwork/Sprites/Enemies/Vulture using Guid(d429392ee7c34c346be332d0c9e2ac44) Importer(2089858483,b0f066a214c2f5e87bad3c948f4d605d) (ScriptedImporter) -> (artifact id: 'ba25c3a33950ae84f66d2323c041942f') in 0.0234124 seconds
Number of updated asset objects reloaded before import = 0Number of asset objects unloaded after import = 1

========================================================================
Received Import Request.
  Time since last request: 0.000025 seconds.
  path: Assets/SunnyLand Artwork/Sprites/player/idle/Idle-Animation.anim
  artifactKey: Guid(ec0a0aeed9edcb543a7dda6bd460375c) Importer(2089858483,b0f066a214c2f5e87bad3c948f4d605d)
Start importing Assets/SunnyLand Artwork/Sprites/player/idle/Idle-Animation.anim using Guid(ec0a0aeed9edcb543a7dda6bd460375c) Importer(2089858483,b0f066a214c2f5e87bad3c948f4d605d) (ScriptedImporter) -> (artifact id: 'a444874fc60b7caaebdd1facb4d3d2ef') in 0.0266437 seconds
Number of updated asset objects reloaded before import = 0Number of asset objects unloaded after import = 1

========================================================================
Received Import Request.
  Time since last request: 0.000024 seconds.
  path: Assets/SunnyLand Artwork/Sprites/Enemies/opossum/opossum-4.png
  artifactKey: Guid(23510f1f0d6994dccbcdd1aa3cfe73be) Importer(2089858483,b0f066a214c2f5e87bad3c948f4d605d)
Start importing Assets/SunnyLand Artwork/Sprites/Enemies/opossum/opossum-4.png using Guid(23510f1f0d6994dccbcdd1aa3cfe73be) Importer(2089858483,b0f066a214c2f5e87bad3c948f4d605d) (ScriptedImporter) -> (artifact id: '3efffe8c16238b4ba9b74bd165eb34a7') in 0.0282492 seconds
Number of updated asset objects reloaded before import = 0Number of asset objects unloaded after import = 3

========================================================================
Received Import Request.
  Time since last request: 0.000039 seconds.
  path: Assets/SunnyLand Artwork/Sprites/Enemies/bunny/bunny3.png
  artifactKey: Guid(ff80f8f830d1c3f418fea9ca85ba01f9) Importer(2089858483,b0f066a214c2f5e87bad3c948f4d605d)
Start importing Assets/SunnyLand Artwork/Sprites/Enemies/bunny/bunny3.png using Guid(ff80f8f830d1c3f418fea9ca85ba01f9) Importer(2089858483,b0f066a214c2f5e87bad3c948f4d605d) (ScriptedImporter) -> (artifact id: 'd38049fac89d065e777a895f89d194e4') in 0.0394805 seconds
Number of updated asset objects reloaded before import = 0Number of asset objects unloaded after import = 3

========================================================================
Received Import Request.
  Time since last request: 0.000020 seconds.
  path: Assets/SunnyLand Artwork/Environment/props/spike-skull.png
  artifactKey: Guid(a225befe4953547da8c4133e5d585029) Importer(2089858483,b0f066a214c2f5e87bad3c948f4d605d)
Start importing Assets/SunnyLand Artwork/Environment/props/spike-skull.png using Guid(a225befe4953547da8c4133e5d585029) Importer(2089858483,b0f066a214c2f5e87bad3c948f4d605d) (ScriptedImporter) -> (artifact id: 'd8b0861a966a87e23404b486674c057d') in 0.0274712 seconds
Number of updated asset objects reloaded before import = 0Number of asset objects unloaded after import = 3

========================================================================
Received Import Request.
  Time since last request: 0.000025 seconds.
  path: Assets/SunnyLand Artwork/Environment/Tileset/tileset-sliced_109.asset
  artifactKey: Guid(88ebfe9a21771ba4abbdad7e0e8cde1f) Importer(2089858483,b0f066a214c2f5e87bad3c948f4d605d)
Start importing Assets/SunnyLand Artwork/Environment/Tileset/tileset-sliced_109.asset using Guid(88ebfe9a21771ba4abbdad7e0e8cde1f) Importer(2089858483,b0f066a214c2f5e87bad3c948f4d605d) (ScriptedImporter) -> (artifact id: 'a3f445edcc37518178cd757cc2840aeb') in 0.0215611 seconds
Number of updated asset objects reloaded before import = 0Number of asset objects unloaded after import = 2

========================================================================
Received Import Request.
  Time since last request: 0.000217 seconds.
  path: Assets/SunnyLand Artwork/Environment/Tileset/tileset-sliced_119.asset
  artifactKey: Guid(1735121839f70a64e87f9b212a625f67) Importer(2089858483,b0f066a214c2f5e87bad3c948f4d605d)
Start importing Assets/SunnyLand Artwork/Environment/Tileset/tileset-sliced_119.asset using Guid(1735121839f70a64e87f9b212a625f67) Importer(2089858483,b0f066a214c2f5e87bad3c948f4d605d) (ScriptedImporter) -> (artifact id: '999c71f2bb983d24f8c2b9fe7e1a7b67') in 0.024911 seconds
Number of updated asset objects reloaded before import = 0Number of asset objects unloaded after import = 2

========================================================================
Received Import Request.
  Time since last request: 0.000224 seconds.
  path: Assets/SunnyLand Artwork/Environment/Tileset/tileset_55.asset
  artifactKey: Guid(2f46a677f1d64fc4e915ba1df3bb3a49) Importer(2089858483,b0f066a214c2f5e87bad3c948f4d605d)
Start importing Assets/SunnyLand Artwork/Environment/Tileset/tileset_55.asset using Guid(2f46a677f1d64fc4e915ba1df3bb3a49) Importer(2089858483,b0f066a214c2f5e87bad3c948f4d605d) (ScriptedImporter) -> (artifact id: '4fb74860c20813db669ac9be80774c34') in 0.0247531 seconds
Number of updated asset objects reloaded before import = 0Number of asset objects unloaded after import = 1

========================================================================
Received Import Request.
  Time since last request: 0.000027 seconds.
  path: Assets/SunnyLand Artwork/Sprites/player/climb/player-climb-1.controller
  artifactKey: Guid(8865de23d28a87441b2075d2654a71b2) Importer(2089858483,b0f066a214c2f5e87bad3c948f4d605d)
Start importing Assets/SunnyLand Artwork/Sprites/player/climb/player-climb-1.controller using Guid(8865de23d28a87441b2075d2654a71b2) Importer(2089858483,b0f066a214c2f5e87bad3c948f4d605d) (ScriptedImporter) -> (artifact id: 'aadfac452f596eeab6d921930c2c3f5e') in 0.04948 seconds
Number of updated asset objects reloaded before import = 0Number of asset objects unloaded after import = 4

========================================================================
Received Import Request.
  Time since last request: 0.000039 seconds.
  path: Assets/SunnyLand Artwork/Sprites/Items/cherry/Cherry-Animation.anim
  artifactKey: Guid(63587be96931747449986dd46c5bf247) Importer(2089858483,b0f066a214c2f5e87bad3c948f4d605d)
Start importing Assets/SunnyLand Artwork/Sprites/Items/cherry/Cherry-Animation.anim using Guid(63587be96931747449986dd46c5bf247) Importer(2089858483,b0f066a214c2f5e87bad3c948f4d605d) (ScriptedImporter) -> (artifact id: '492cc49d035fb0b028558e6e5eace6a6') in 0.0284765 seconds
Number of updated asset objects reloaded before import = 0Number of asset objects unloaded after import = 1

========================================================================
Received Import Request.
  Time since last request: 0.000031 seconds.
  path: Assets/SunnyLand Artwork/Environment/Tileset/tileset-sliced_111.asset
  artifactKey: Guid(9eda67683fc37264da2456a2a6d1501e) Importer(2089858483,b0f066a214c2f5e87bad3c948f4d605d)
Start importing Assets/SunnyLand Artwork/Environment/Tileset/tileset-sliced_111.asset using Guid(9eda67683fc37264da2456a2a6d1501e) Importer(2089858483,b0f066a214c2f5e87bad3c948f4d605d) (ScriptedImporter) -> (artifact id: '0725ed211fe061a59e4d3c813e2ec397') in 0.0469145 seconds
Number of updated asset objects reloaded before import = 0Number of asset objects unloaded after import = 2

========================================================================
Received Import Request.
  Time since last request: 0.000028 seconds.
  path: Assets/SunnyLand Artwork/Sprites/Enemies/Dino-Idle/dino-idle1.png
  artifactKey: Guid(671a594cd6415e04ba0bf26a8eae3621) Importer(2089858483,b0f066a214c2f5e87bad3c948f4d605d)
Start importing Assets/SunnyLand Artwork/Sprites/Enemies/Dino-Idle/dino-idle1.png using Guid(671a594cd6415e04ba0bf26a8eae3621) Importer(2089858483,b0f066a214c2f5e87bad3c948f4d605d) (ScriptedImporter) -> (artifact id: '07a08fdc432182360175e29fdedde69b') in 0.0400822 seconds
Number of updated asset objects reloaded before import = 0Number of asset objects unloaded after import = 3

Editor requested this worker to shutdown with reason: Scaling down because of idle timeout
AssetImportWorker is now disconnected from the server
Process exiting
Exiting without the bug reporter. Application will terminate with return code 0